<?xml version="1.0" encoding="UTF-8"?>
<!-- Generated by org.testng.reporters.JUnitReportReporter -->
<testsuite skipped="0" hostname="Digisol" name="com.actitime.testscript.CustomerModule" tests="1" failures="0" timestamp="2022-11-03T23:20:51 IST" time="48.984" errors="0">
  <testcase name="createCustomer" time="48.984" classname="com.actitime.testscript.CustomerModule"/>
  <system-out>
    <![CDATA[vicky ]]>
  </system-out>
</testsuite> <!-- com.actitime.testscript.CustomerModule -->
