<?xml version="1.0" encoding="UTF-8"?>
<!-- Generated by org.testng.reporters.JUnitReportReporter -->
<testsuite skipped="0" hostname="Digisol" name="com.actitime.testscript.TaskModule" tests="1" failures="0" timestamp="2022-11-02T11:48:34 IST" time="0.000" errors="0">
  <testcase name="createTask" time="0.000" classname="com.actitime.testscript.TaskModule"/>
  <system-out>
    <![CDATA[your task is Copying your friends answer]]>
  </system-out>
</testsuite> <!-- com.actitime.testscript.TaskModule -->
