<?xml version="1.0" encoding="UTF-8"?>
<!-- Generated by org.testng.reporters.JUnitReportReporter -->
<testsuite skipped="0" hostname="Digisol" name="com.actitime.testscript.CustomerModule1" tests="4" failures="0" timestamp="2022-10-28T22:49:39 IST" time="0.051" errors="0">
  <testcase name="registerCustomer" time="0.008" classname="com.actitime.testscript.CustomerModule1"/>
  <system-out>
    <![CDATA[registerCustomer]]>
  </system-out>
  <testcase name="deleteCustomer" time="0.026" classname="com.actitime.testscript.CustomerModule1"/>
  <system-out>
    <![CDATA[deleteCustomer]]>
  </system-out>
  <testcase name="editCustomer" time="0.006" classname="com.actitime.testscript.CustomerModule1"/>
  <system-out>
    <![CDATA[edit customer]]>
  </system-out>
  <testcase name="editCustomer" time="0.011" classname="com.actitime.testscript.CustomerModule1"/>
  <system-out>
    <![CDATA[edit customer]]>
  </system-out>
</testsuite> <!-- com.actitime.testscript.CustomerModule1 -->
