<?xml version="1.0" encoding="UTF-8"?>
<!-- Generated by org.testng.reporters.JUnitReportReporter -->
<testsuite skipped="0" hostname="Digisol" name="com.actitime.testscript.MainMethodCls" tests="1" failures="0" timestamp="2022-11-03T21:21:05 IST" time="167.321" errors="0">
  <testcase name="validTestLogin" time="167.321" classname="com.actitime.testscript.MainMethodCls"/>
  <system-out/>
</testsuite> <!-- com.actitime.testscript.MainMethodCls -->
