<?xml version="1.0" encoding="UTF-8"?>
<!-- Generated by org.testng.reporters.JUnitReportReporter -->
<testsuite skipped="0" hostname="Digisol" name="com.actitime.testscript.Demo" tests="2" failures="0" timestamp="2022-11-03T12:36:43 IST" time="0.015" errors="0">
  <testcase name="updateAccount" time="0.013" classname="com.actitime.testscript.Demo"/>
  <system-out>
    <![CDATA[update account]]>
  </system-out>
  <testcase name="deleteAccount" time="0.002" classname="com.actitime.testscript.Demo"/>
  <system-out>
    <![CDATA[delete account]]>
  </system-out>
</testsuite> <!-- com.actitime.testscript.Demo -->
